[2026-02-04 01:19:59] [INFO] Создан тестовый файл: compare_test.txt
[2026-02-04 01:19:59] [INFO] Начало обработки файла: compare_test.txt
[2026-02-04 01:19:59] [INFO] Определена кодировка: UTF-8
[2026-02-04 01:19:59] [INFO] Найдено изменений: 0
[2026-02-04 01:19:59] [SUCCESS] Обработка завершена. Результат в: sed_output.txt
[2026-02-04 01:19:59] [INFO] Обработка с использованием AWK...
[2026-02-04 01:19:59] [SUCCESS] AWK обработка завершена
[2026-02-04 01:20:09] [INFO] Создан тестовый файл: compare_test.txt
[2026-02-04 01:20:09] [INFO] Начало обработки файла: compare_test.txt
[2026-02-04 01:20:09] [INFO] Определена кодировка: UTF-8
[2026-02-04 01:20:09] [INFO] Найдено изменений: 0
[2026-02-04 01:20:09] [SUCCESS] Обработка завершена. Результат в: sed_output.txt
[2026-02-04 01:20:09] [INFO] Обработка с использованием AWK...
[2026-02-04 01:20:09] [SUCCESS] AWK обработка завершена
[2026-02-04 01:20:48] [ERROR] Ошибка: файл не существует или недоступен для чтения
[2026-02-04 01:21:06] [INFO] Обработка с использованием AWK...
[2026-02-04 01:21:06] [SUCCESS] AWK обработка завершена
[2026-02-04 01:22:11] [INFO] Обработка с использованием AWK...
[2026-02-04 01:22:11] [SUCCESS] AWK обработка завершена
[2026-02-04 01:22:27] [INFO] Обработка с использованием AWK...
[2026-02-04 01:22:27] [SUCCESS] AWK обработка завершена
[2026-02-04 01:22:48] [INFO] Начало обработки файла: file.txt
[2026-02-04 01:22:48] [INFO] Определена кодировка: UTF-8
[2026-02-04 01:22:48] [INFO] Найдено изменений: 0
[2026-02-04 01:22:48] [SUCCESS] Обработка завершена. Результат в: output.txt
